#
# There is insufficient memory for the Java Runtime Environment to continue.
# Native memory allocation (mmap) failed to map 125829120 bytes for Failed to commit area from 0x0000000089400000 to 0x0000000090c00000 of length 125829120.
# Possible reasons:
#   The system is out of physical RAM or swap space
#   The process is running with CompressedOops enabled, and the Java Heap may be blocking the growth of the native heap
# Possible solutions:
#   Reduce memory load on the system
#   Increase physical memory or swap space
#   Check if swap backing store is full
#   Decrease Java heap size (-Xmx/-Xms)
#   Decrease number of Java threads
#   Decrease Java thread stack sizes (-Xss)
#   Set larger code cache with -XX:ReservedCodeCacheSize=
# This output file may be truncated or incomplete.
#
#  Out of Memory Error (./src/hotspot/os/windows/os_windows.cpp:3301), pid=6708, tid=2128
#
# JRE version:  (11.0.10) (build )
# Java VM: OpenJDK 64-Bit Server VM (11.0.10+0-b96-7249189, mixed mode, sharing, tiered, compressed oops, g1 gc, windows-amd64)
# No core dump will be written. Minidumps are not enabled by default on client versions of Windows
#

---------------  S U M M A R Y ------------

Command Line: org.jetbrains.kotlin.cli.jvm.K2JVMCompiler @D:\RiceSelling\app\build\20220412_6384335189684455153.compiler.options

Host: AMD Ryzen 7 4800H with Radeon Graphics         , 16 cores, 7G,  Windows 10 , 64 bit Build 19041 (10.0.19041.1566)
Time: Tue Apr 12 12:17:27 2022 India Standard Time elapsed time: 0.016768 seconds (0d 0h 0m 0s)

---------------  T H R E A D  ---------------

Current thread (0x000001f5f853d000):  JavaThread "Unknown thread" [_thread_in_vm, id=2128, stack(0x0000007f96700000,0x0000007f96800000)]

Stack: [0x0000007f96700000,0x0000007f96800000]
Native frames: (J=compiled Java code, j=interpreted, Vv=VM code, C=native code)
V  [jvm.dll+0x5ecfaa]
V  [jvm.dll+0x722bd5]
V  [jvm.dll+0x72412d]
V  [jvm.dll+0x7247e3]
V  [jvm.dll+0x242928]
V  [jvm.dll+0x5ea374]
V  [jvm.dll+0x5df425]
V  [jvm.dll+0x2fdebb]
V  [jvm.dll+0x2fde2a]
V  [jvm.dll+0x2fdd02]
V  [jvm.dll+0x302bf6]
V  [jvm.dll+0x34b2a3]
V  [jvm.dll+0x34b9a6]
V  [jvm.dll+0x34b3a3]
V  [jvm.dll+0x2d8888]
V  [jvm.dll+0x2d9a37]
V  [jvm.dll+0x701737]
V  [jvm.dll+0x702f2c]
V  [jvm.dll+0x3587d9]
V  [jvm.dll+0x6e4fae]
V  [jvm.dll+0x3c0be3]
V  [jvm.dll+0x3c2e91]
C  [jli.dll+0x5373]
C  [ucrtbase.dll+0x21bb2]
C  [KERNEL32.DLL+0x17034]
C  [ntdll.dll+0x52651]


---------------  P R O C E S S  ---------------

Threads class SMR info:
_java_thread_list=0x000001f5f8362e80, length=0, elements={
}

Java Threads: ( => current thread )

Other Threads:
  0x000001f5f8554800 GCTaskThread "GC Thread#0" [stack: 0x0000007f96800000,0x0000007f96900000] [id=28652]
  0x000001f5f8583800 ConcurrentGCThread "G1 Main Marker" [stack: 0x0000007f96900000,0x0000007f96a00000] [id=2616]
  0x000001f5f8584800 ConcurrentGCThread "G1 Conc#0" [stack: 0x0000007f96a00000,0x0000007f96b00000] [id=12232]

[error occurred during error reporting (printing all threads), id 0xc0000005, EXCEPTION_ACCESS_VIOLATION (0xc0000005) at pc=0x00007ffe96ab9107]

VM state:not at safepoint (not fully initialized)

VM Mutex/Monitor currently owned by a thread:  ([mutex/lock_event])
[0x000001f5f85386b0] Heap_lock - owner thread: 0x000001f5f853d000

Heap address: 0x0000000089400000, size: 1900 MB, Compressed Oops mode: Non-zero based: 0x0000000089400000
Narrow klass base: 0x0000000000000000, Narrow klass shift: 0

GC Heap History (0 events):
No events

Deoptimization events (0 events):
No events

Classes redefined (0 events):
No events

Internal exceptions (0 events):
No events

Events (1 events):
Event: 0.006 Loaded shared library C:\Program Files\Android\Android Studio\jre\bin\zip.dll


Dynamic libraries:
0x00007ff6fd230000 - 0x00007ff6fd23a000 	C:\Program Files\Android\Android Studio\jre\bin\java.exe
0x00007ffedba50000 - 0x00007ffedbc45000 	C:\WINDOWS\SYSTEM32\ntdll.dll
0x00007ffedb5d0000 - 0x00007ffedb68e000 	C:\WINDOWS\System32\KERNEL32.DLL
0x00007ffed9730000 - 0x00007ffed99f8000 	C:\WINDOWS\System32\KERNELBASE.dll
0x00007ffed91a0000 - 0x00007ffed92a0000 	C:\WINDOWS\System32\ucrtbase.dll
0x00007ffeb00f0000 - 0x00007ffeb0109000 	C:\Program Files\Android\Android Studio\jre\bin\jli.dll
0x00007ffebe710000 - 0x00007ffebe727000 	C:\Program Files\Android\Android Studio\jre\bin\VCRUNTIME140.dll
0x00007ffedabd0000 - 0x00007ffedad70000 	C:\WINDOWS\System32\USER32.dll
0x00007ffed9170000 - 0x00007ffed9192000 	C:\WINDOWS\System32\win32u.dll
0x00007ffeda3d0000 - 0x00007ffeda3fb000 	C:\WINDOWS\System32\GDI32.dll
0x00007ffed9470000 - 0x00007ffed957b000 	C:\WINDOWS\System32\gdi32full.dll
0x00007ffed92a0000 - 0x00007ffed933d000 	C:\WINDOWS\System32\msvcp_win.dll
0x00007ffec6040000 - 0x00007ffec62da000 	C:\WINDOWS\WinSxS\amd64_microsoft.windows.common-controls_6595b64144ccf1df_6.0.19041.1110_none_60b5254171f9507e\COMCTL32.dll
0x00007ffedb360000 - 0x00007ffedb3fe000 	C:\WINDOWS\System32\msvcrt.dll
0x00007ffedb540000 - 0x00007ffedb570000 	C:\WINDOWS\System32\IMM32.DLL
0x00007ffe98f50000 - 0x00007ffe98fed000 	C:\Program Files\Android\Android Studio\jre\bin\msvcp140.dll
0x00007ffe967d0000 - 0x00007ffe9729f000 	C:\Program Files\Android\Android Studio\jre\bin\server\jvm.dll
0x00007ffedb690000 - 0x00007ffedb73e000 	C:\WINDOWS\System32\ADVAPI32.dll
0x00007ffeda2b0000 - 0x00007ffeda34c000 	C:\WINDOWS\System32\sechost.dll
0x00007ffeda400000 - 0x00007ffeda525000 	C:\WINDOWS\System32\RPCRT4.dll
0x00007ffeda530000 - 0x00007ffeda538000 	C:\WINDOWS\System32\PSAPI.DLL
0x00007ffec1130000 - 0x00007ffec1139000 	C:\WINDOWS\SYSTEM32\WSOCK32.dll
0x00007ffed0450000 - 0x00007ffed045a000 	C:\WINDOWS\SYSTEM32\VERSION.dll
0x00007ffeda630000 - 0x00007ffeda69b000 	C:\WINDOWS\System32\WS2_32.dll
0x00007ffecf2b0000 - 0x00007ffecf2d7000 	C:\WINDOWS\SYSTEM32\WINMM.dll
0x00007ffed7080000 - 0x00007ffed7092000 	C:\WINDOWS\SYSTEM32\kernel.appcore.dll
0x00007ffec3320000 - 0x00007ffec3331000 	C:\Program Files\Android\Android Studio\jre\bin\verify.dll
0x00007ffec8160000 - 0x00007ffec8344000 	C:\WINDOWS\SYSTEM32\DBGHELP.DLL
0x00007ffec1150000 - 0x00007ffec117c000 	C:\WINDOWS\SYSTEM32\dbgcore.DLL
0x00007ffed9340000 - 0x00007ffed93c2000 	C:\WINDOWS\System32\bcryptPrimitives.dll
0x00007ffea92b0000 - 0x00007ffea92d9000 	C:\Program Files\Android\Android Studio\jre\bin\java.dll
0x00007ffecd8c0000 - 0x00007ffecd8cb000 	C:\Program Files\Android\Android Studio\jre\bin\jimage.dll
0x00007ffeb5880000 - 0x00007ffeb5898000 	C:\Program Files\Android\Android Studio\jre\bin\zip.dll

dbghelp: loaded successfully - version: 4.0.5 - missing functions: none
symbol engine: initialized successfully - sym options: 0x614 - pdb path: .;C:\Program Files\Android\Android Studio\jre\bin;C:\WINDOWS\SYSTEM32;C:\WINDOWS\WinSxS\amd64_microsoft.windows.common-controls_6595b64144ccf1df_6.0.19041.1110_none_60b5254171f9507e;C:\Program Files\Android\Android Studio\jre\bin\server

VM Arguments:
java_command: org.jetbrains.kotlin.cli.jvm.K2JVMCompiler @D:\RiceSelling\app\build\20220412_6384335189684455153.compiler.options
java_class_path (initial): C:\Users\hacke\.gradle\caches\modules-2\files-2.1\org.jetbrains.kotlin\kotlin-compiler-embeddable\1.5.20\1900e8b9aca0a9caffd45b99b36e3720a0a284f8\kotlin-compiler-embeddable-1.5.20.jar;C:\Users\hacke\.gradle\caches\modules-2\files-2.1\org.jetbrains.kotlin\kotlin-reflect\1.5.20\63810951f09a27f7827977f1bc21094042a915e\kotlin-reflect-1.5.20.jar;C:\Users\hacke\.gradle\caches\modules-2\files-2.1\org.jetbrains.kotlin\kotlin-stdlib\1.5.20\9de35cc611bcecec8edce1d56d8e659953806751\kotlin-stdlib-1.5.20.jar;C:\Users\hacke\.gradle\caches\modules-2\files-2.1\org.jetbrains.kotlin\kotlin-script-runtime\1.5.20\4381bb58d37b84d4d1afe55ec35542dd9b77e101\kotlin-script-runtime-1.5.20.jar;C:\Users\hacke\.gradle\caches\modules-2\files-2.1\org.jetbrains.kotlin\kotlin-daemon-embeddable\1.5.20\36c38cda019834dcd2959cc33a12768adcd94256\kotlin-daemon-embeddable-1.5.20.jar;C:\Users\hacke\.gradle\caches\modules-2\files-2.1\org.jetbrains.intellij.deps\trove4j\1.0.20181211\216c2e14b070f334479d800987affe4054cd563f\trove4j-1.0.20181211.jar;C:\Users\hacke\.gradle\caches\modules-2\files-2.1\org.jetbrains\annotations\13.0\919f0dfe192fb4e063e7dacadee7f8bb9a2672a9\annotations-13.0.jar;C:\Users\hacke\.gradle\caches\modules-2\files-2.1\org.jetbrains.kotlin\kotlin-stdlib-common\1.5.20\3d79dbd48bf605f4aac1e7028981a1953e245cbb\kotlin-stdlib-common-1.5.20.jar
Launcher Type: SUN_STANDARD

[Global flags]
     intx CICompilerCount                          = 12                                        {product} {ergonomic}
     uint ConcGCThreads                            = 3                                         {product} {ergonomic}
     uint G1ConcRefinementThreads                  = 13                                        {product} {ergonomic}
   size_t G1HeapRegionSize                         = 1048576                                   {product} {ergonomic}
    uintx GCDrainStackTargetSize                   = 64                                        {product} {ergonomic}
   size_t InitialHeapSize                          = 125829120                                 {product} {ergonomic}
   size_t MarkStackSize                            = 4194304                                   {product} {ergonomic}
   size_t MaxHeapSize                              = 1992294400                                {product} {ergonomic}
   size_t MinHeapDeltaBytes                        = 1048576                                   {product} {ergonomic}
    uintx NonNMethodCodeHeapSize                   = 7594288                                {pd product} {ergonomic}
    uintx NonProfiledCodeHeapSize                  = 122031976                              {pd product} {ergonomic}
    uintx ProfiledCodeHeapSize                     = 122031976                              {pd product} {ergonomic}
    uintx ReservedCodeCacheSize                    = 251658240                              {pd product} {ergonomic}
     bool SegmentedCodeCache                       = true                                      {product} {ergonomic}
     bool UseCompressedClassPointers               = true                                 {lp64_product} {ergonomic}
     bool UseCompressedOops                        = true                                 {lp64_product} {ergonomic}
     bool UseG1GC                                  = true                                      {product} {ergonomic}
     bool UseLargePagesIndividualAllocation        = false                                  {pd product} {ergonomic}

Logging:
Log output configuration:
 #0: stdout all=warning uptime,level,tags
 #1: stderr all=off uptime,level,tags

Environment Variables:
PATH=C:\Program Files (x86)\VMware\VMware Workstation\bin\;C:\Program Files (x86)\Common Files\Oracle\Java\javapath;C:\Program Files\AdoptOpenJDK\jdk-11.0.9.101-hotspot\bin;C:\Windows\system32;C:\Windows;C:\Windows\System32\Wbem;C:\Windows\System32\WindowsPowerShell\v1.0\;C:\Windows\System32\OpenSSH\;C:\Program Files (x86)\NVIDIA Corporation\PhysX\Common;C:\Program Files\NVIDIA Corporation\NVIDIA NvDLISR;C:\WINDOWS\system32;C:\WINDOWS;C:\WINDOWS\System32\Wbem;C:\WINDOWS\System32\WindowsPowerShell\v1.0\;C:\WINDOWS\System32\OpenSSH\;C:\Program Files\nodejs\;C:\Program Files\dotnet\;C:\Program Files (x86)\dotnet\;C:\Program Files\Git\cmd;C:\xampp\php;D:\xampp\php;C:\composer;C:\Program Files\MySQL\MySQL Shell 8.1\bin\;C:\Users\hacke\AppData\Local\Microsoft\WindowsApps;C:\Users\hacke\AppData\Local\Programs\Microsoft VS Code\bin;C:\Users\hacke\AppData\Roaming\npm;D:\flutter_windows_2.2.2-stable\flutter\bin;C:\Program Files\heroku\bin;C:\Users\hacke\AppData\Roaming\Composer\vendor\bin;D:\xampp\php\php.exe;
USERNAME=hacke
OS=Windows_NT
PROCESSOR_IDENTIFIER=AMD64 Family 23 Model 96 Stepping 1, AuthenticAMD



---------------  S Y S T E M  ---------------

OS: Windows 10 , 64 bit Build 19041 (10.0.19041.1566)
OS uptime: 0 days 2:24 hours

CPU:total 16 (initial active 16) (16 cores per cpu, 2 threads per core) family 23 model 96 stepping 1 microcode 0x0, cmov, cx8, fxsr, mmx, sse, sse2, sse3, ssse3, sse4.1, sse4.2, popcnt, avx, avx2, aes, clmul, mmxext, 3dnowpref, lzcnt, sse4a, ht, tsc, tscinvbit, tscinv, bmi1, bmi2, adx, 

Memory: 4k page, system-wide physical 7599M (410M free)
TotalPageFile size 31151M (AvailPageFile size 85M)
current process WorkingSet (physical memory assigned to process): 10M, peak: 10M
current process commit charge ("private bytes"): 70M, peak: 190M

vm_info: OpenJDK 64-Bit Server VM (11.0.10+0-b96-7249189) for windows-amd64 JRE (11.0.10+0-b96-7249189), built on Mar 31 2021 21:44:00 by "builder" with MS VC++ 14.0 (VS2015)

END.
